{
  "stats": {
    "suites": 1,
    "tests": 14,
    "passes": 14,
    "pending": 0,
    "failures": 0,
    "start": "2026-05-09T01:38:53.928Z",
    "end": "2026-05-09T01:38:53.938Z",
    "duration": 10,
    "testsRegistered": 14,
    "passPercent": 100,
    "pendingPercent": 0,
    "other": 0,
    "hasOther": false,
    "skipped": 0,
    "hasSkipped": false
  },
  "results": [
    {
      "uuid": "a8297c45-45a1-45f3-a974-2055e0b382ca",
      "title": "",
      "fullFile": "C:\\Users\\Pam\\pam-workspace\\desafioLogin\\test\\login.test.js",
      "file": "\\test\\login.test.js",
      "beforeHooks": [],
      "afterHooks": [],
      "tests": [],
      "suites": [
        {
          "uuid": "36d69e0b-bf9b-4165-9537-cd8cae314993",
          "title": "Testes da função de Login",
          "fullFile": "C:\\Users\\Pam\\pam-workspace\\desafioLogin\\test\\login.test.js",
          "file": "\\test\\login.test.js",
          "beforeHooks": [],
          "afterHooks": [],
          "tests": [
            {
              "title": "TC01 - Deve realizar login quando email e senha informados correspondem a usuário cadastrado",
              "fullTitle": "Testes da função de Login TC01 - Deve realizar login quando email e senha informados correspondem a usuário cadastrado",
              "timedOut": false,
              "duration": 0,
              "state": "passed",
              "speed": "fast",
              "pass": true,
              "fail": false,
              "pending": false,
              "context": null,
              "code": "assert.equal(fazerLogin('diana.prince@themiscira.com', 'Wonder@987'), 'Login realizado com sucesso.');",
              "err": {},
              "uuid": "d3328380-5202-4932-bdfa-eae9e488a7b7",
              "parentUUID": "36d69e0b-bf9b-4165-9537-cd8cae314993",
              "isHook": false,
              "skipped": false
            },
            {
              "title": "TC02 - Deve retornar mensagem de renovaçao de credencial quando credenciais informadas estão espiradas",
              "fullTitle": "Testes da função de Login TC02 - Deve retornar mensagem de renovaçao de credencial quando credenciais informadas estão espiradas",
              "timedOut": false,
              "duration": 0,
              "state": "passed",
              "speed": "fast",
              "pass": true,
              "fail": false,
              "pending": false,
              "context": null,
              "code": "assert.equal(fazerLogin('leia.organa@rebellion.com', 'Force@321'), 'Renove suas credenciais.');",
              "err": {},
              "uuid": "2670e02d-6043-40be-91d6-e7b4d949478f",
              "parentUUID": "36d69e0b-bf9b-4165-9537-cd8cae314993",
              "isHook": false,
              "skipped": false
            },
            {
              "title": "TC03 - Deve retornar mensagem de credenciais inválidas quando não é encontrado usuário com o email informado",
              "fullTitle": "Testes da função de Login TC03 - Deve retornar mensagem de credenciais inválidas quando não é encontrado usuário com o email informado",
              "timedOut": false,
              "duration": 0,
              "state": "passed",
              "speed": "fast",
              "pass": true,
              "fail": false,
              "pending": false,
              "context": null,
              "code": "assert.equal(fazerLogin('naoexisteuser@test.com', 'Spider@654'), 'Credenciais incorretas.');",
              "err": {},
              "uuid": "9d13188e-d08d-4e4e-8ea1-5e013cd6cf69",
              "parentUUID": "36d69e0b-bf9b-4165-9537-cd8cae314993",
              "isHook": false,
              "skipped": false
            },
            {
              "title": "TC04 - Deve retornar mensagem de credenciais inválidas quando senha incorreta é informada para usuário existente",
              "fullTitle": "Testes da função de Login TC04 - Deve retornar mensagem de credenciais inválidas quando senha incorreta é informada para usuário existente",
              "timedOut": false,
              "duration": 0,
              "state": "passed",
              "speed": "fast",
              "pass": true,
              "fail": false,
              "pending": false,
              "context": null,
              "code": "assert.equal(fazerLogin('bruce.wayne@wayneenterprises.com', 'Superman'), 'Credenciais incorretas.');",
              "err": {},
              "uuid": "bdf35bd9-bc26-4a05-a176-bd048b1077dc",
              "parentUUID": "36d69e0b-bf9b-4165-9537-cd8cae314993",
              "isHook": false,
              "skipped": false
            },
            {
              "title": "TC05 - Deve retornar mensagem de credenciais inválidas quando não é encontrado usuário com as credenciais informadas",
              "fullTitle": "Testes da função de Login TC05 - Deve retornar mensagem de credenciais inválidas quando não é encontrado usuário com as credenciais informadas",
              "timedOut": false,
              "duration": 0,
              "state": "passed",
              "speed": "fast",
              "pass": true,
              "fail": false,
              "pending": false,
              "context": null,
              "code": "assert.equal(fazerLogin('naoexisteuser02@test.com', 'naoExisteSenha'), 'Credenciais incorretas.');",
              "err": {},
              "uuid": "0bd7b2a5-4be0-4541-87ff-a47b83498638",
              "parentUUID": "36d69e0b-bf9b-4165-9537-cd8cae314993",
              "isHook": false,
              "skipped": false
            },
            {
              "title": "TC06 - Deve retornar erro quando credenciais não são corretamente informadas - Cenário: Nenhuma credencial informada",
              "fullTitle": "Testes da função de Login TC06 - Deve retornar erro quando credenciais não são corretamente informadas - Cenário: Nenhuma credencial informada",
              "timedOut": false,
              "duration": 0,
              "state": "passed",
              "speed": "fast",
              "pass": true,
              "fail": false,
              "pending": false,
              "context": null,
              "code": "assert.throws(\n    function () { fazerLogin(email, senha) },\n    { message: 'Informe suas credenciais.' }\n);",
              "err": {},
              "uuid": "42bb8e82-e5c6-400a-8e11-e55d34b908cb",
              "parentUUID": "36d69e0b-bf9b-4165-9537-cd8cae314993",
              "isHook": false,
              "skipped": false
            },
            {
              "title": "TC06 - Deve retornar erro quando credenciais não são corretamente informadas - Cenário: Somente email não informado",
              "fullTitle": "Testes da função de Login TC06 - Deve retornar erro quando credenciais não são corretamente informadas - Cenário: Somente email não informado",
              "timedOut": false,
              "duration": 0,
              "state": "passed",
              "speed": "fast",
              "pass": true,
              "fail": false,
              "pending": false,
              "context": null,
              "code": "assert.throws(\n    function () { fazerLogin(email, senha) },\n    { message: 'Informe suas credenciais.' }\n);",
              "err": {},
              "uuid": "7ee0e3f8-9991-46a9-ad90-f060b5664143",
              "parentUUID": "36d69e0b-bf9b-4165-9537-cd8cae314993",
              "isHook": false,
              "skipped": false
            },
            {
              "title": "TC06 - Deve retornar erro quando credenciais não são corretamente informadas - Cenário: Somente senha não informada",
              "fullTitle": "Testes da função de Login TC06 - Deve retornar erro quando credenciais não são corretamente informadas - Cenário: Somente senha não informada",
              "timedOut": false,
              "duration": 0,
              "state": "passed",
              "speed": "fast",
              "pass": true,
              "fail": false,
              "pending": false,
              "context": null,
              "code": "assert.throws(\n    function () { fazerLogin(email, senha) },\n    { message: 'Informe suas credenciais.' }\n);",
              "err": {},
              "uuid": "dc233ba2-6b59-44b5-ae8a-9486d5e47bec",
              "parentUUID": "36d69e0b-bf9b-4165-9537-cd8cae314993",
              "isHook": false,
              "skipped": false
            },
            {
              "title": "TC07 - Deve retornar erro quando email informado é inválido - Cenário: Email sem texto antes do @ ",
              "fullTitle": "Testes da função de Login TC07 - Deve retornar erro quando email informado é inválido - Cenário: Email sem texto antes do @ ",
              "timedOut": false,
              "duration": 0,
              "state": "passed",
              "speed": "fast",
              "pass": true,
              "fail": false,
              "pending": false,
              "context": null,
              "code": "assert.throws(\n    function() { fazerLogin(email, senha) },\n    { message: 'Informe email válido.' }\n);",
              "err": {},
              "uuid": "96f60947-f9d8-430c-a1e4-cc7f044757cb",
              "parentUUID": "36d69e0b-bf9b-4165-9537-cd8cae314993",
              "isHook": false,
              "skipped": false
            },
            {
              "title": "TC07 - Deve retornar erro quando email informado é inválido - Cenário: Email sem texto entre @ e . ",
              "fullTitle": "Testes da função de Login TC07 - Deve retornar erro quando email informado é inválido - Cenário: Email sem texto entre @ e . ",
              "timedOut": false,
              "duration": 0,
              "state": "passed",
              "speed": "fast",
              "pass": true,
              "fail": false,
              "pending": false,
              "context": null,
              "code": "assert.throws(\n    function() { fazerLogin(email, senha) },\n    { message: 'Informe email válido.' }\n);",
              "err": {},
              "uuid": "778f020a-76fc-4597-9456-aec6f9160514",
              "parentUUID": "36d69e0b-bf9b-4165-9537-cd8cae314993",
              "isHook": false,
              "skipped": false
            },
            {
              "title": "TC07 - Deve retornar erro quando email informado é inválido - Cenário: Email sem texto após o . ",
              "fullTitle": "Testes da função de Login TC07 - Deve retornar erro quando email informado é inválido - Cenário: Email sem texto após o . ",
              "timedOut": false,
              "duration": 0,
              "state": "passed",
              "speed": "fast",
              "pass": true,
              "fail": false,
              "pending": false,
              "context": null,
              "code": "assert.throws(\n    function() { fazerLogin(email, senha) },\n    { message: 'Informe email válido.' }\n);",
              "err": {},
              "uuid": "bfcf616a-9348-4bd4-9d8c-54bbf256c967",
              "parentUUID": "36d69e0b-bf9b-4165-9537-cd8cae314993",
              "isHook": false,
              "skipped": false
            },
            {
              "title": "TC07 - Deve retornar erro quando email informado é inválido - Cenário: Email sem @ ",
              "fullTitle": "Testes da função de Login TC07 - Deve retornar erro quando email informado é inválido - Cenário: Email sem @ ",
              "timedOut": false,
              "duration": 0,
              "state": "passed",
              "speed": "fast",
              "pass": true,
              "fail": false,
              "pending": false,
              "context": null,
              "code": "assert.throws(\n    function() { fazerLogin(email, senha) },\n    { message: 'Informe email válido.' }\n);",
              "err": {},
              "uuid": "8de16fdb-2e27-4649-b712-409b6def3273",
              "parentUUID": "36d69e0b-bf9b-4165-9537-cd8cae314993",
              "isHook": false,
              "skipped": false
            },
            {
              "title": "TC07 - Deve retornar erro quando email informado é inválido - Cenário: Email sem . após @ ",
              "fullTitle": "Testes da função de Login TC07 - Deve retornar erro quando email informado é inválido - Cenário: Email sem . após @ ",
              "timedOut": false,
              "duration": 0,
              "state": "passed",
              "speed": "fast",
              "pass": true,
              "fail": false,
              "pending": false,
              "context": null,
              "code": "assert.throws(\n    function() { fazerLogin(email, senha) },\n    { message: 'Informe email válido.' }\n);",
              "err": {},
              "uuid": "c7401ee3-b288-4ef1-9617-85b619240a26",
              "parentUUID": "36d69e0b-bf9b-4165-9537-cd8cae314993",
              "isHook": false,
              "skipped": false
            },
            {
              "title": "TC07 - Deve retornar erro quando email informado é inválido - Cenário: Email sem @ e sem . ",
              "fullTitle": "Testes da função de Login TC07 - Deve retornar erro quando email informado é inválido - Cenário: Email sem @ e sem . ",
              "timedOut": false,
              "duration": 1,
              "state": "passed",
              "speed": "fast",
              "pass": true,
              "fail": false,
              "pending": false,
              "context": null,
              "code": "assert.throws(\n    function() { fazerLogin(email, senha) },\n    { message: 'Informe email válido.' }\n);",
              "err": {},
              "uuid": "0a55af74-5a16-4c27-95d0-f14bbaff5da0",
              "parentUUID": "36d69e0b-bf9b-4165-9537-cd8cae314993",
              "isHook": false,
              "skipped": false
            }
          ],
          "suites": [],
          "passes": [
            "d3328380-5202-4932-bdfa-eae9e488a7b7",
            "2670e02d-6043-40be-91d6-e7b4d949478f",
            "9d13188e-d08d-4e4e-8ea1-5e013cd6cf69",
            "bdf35bd9-bc26-4a05-a176-bd048b1077dc",
            "0bd7b2a5-4be0-4541-87ff-a47b83498638",
            "42bb8e82-e5c6-400a-8e11-e55d34b908cb",
            "7ee0e3f8-9991-46a9-ad90-f060b5664143",
            "dc233ba2-6b59-44b5-ae8a-9486d5e47bec",
            "96f60947-f9d8-430c-a1e4-cc7f044757cb",
            "778f020a-76fc-4597-9456-aec6f9160514",
            "bfcf616a-9348-4bd4-9d8c-54bbf256c967",
            "8de16fdb-2e27-4649-b712-409b6def3273",
            "c7401ee3-b288-4ef1-9617-85b619240a26",
            "0a55af74-5a16-4c27-95d0-f14bbaff5da0"
          ],
          "failures": [],
          "pending": [],
          "skipped": [],
          "duration": 1,
          "root": false,
          "rootEmpty": false,
          "_timeout": 2000
        }
      ],
      "passes": [],
      "failures": [],
      "pending": [],
      "skipped": [],
      "duration": 0,
      "root": true,
      "rootEmpty": true,
      "_timeout": 2000
    }
  ],
  "meta": {
    "mocha": {
      "version": "11.7.5"
    },
    "mochawesome": {
      "options": {
        "quiet": false,
        "reportFilename": "mochawesome",
        "saveHtml": true,
        "saveJson": true,
        "consoleReporter": "spec",
        "useInlineDiffs": false,
        "code": true
      },
      "version": "7.1.4"
    },
    "marge": {
      "options": null,
      "version": "6.3.2"
    }
  }
}